<?xml version="1.0" encoding="UTF-8"?>
<testng-results ignored="0" total="2" passed="2" failed="0" skipped="0">
  <reporter-output>
  </reporter-output>
  <suite started-at="2025-01-10T15:21:39 IST" name="Suite" finished-at="2025-01-10T15:21:59 IST" duration-ms="19173">
    <groups>
    </groups>
    <test started-at="2025-01-10T15:21:39 IST" name="Test" finished-at="2025-01-10T15:21:59 IST" duration-ms="19173">
      <class name="com.expandTesting.tests.LoginTest">
        <test-method signature="loginTestWithInValidCred()[pri:0, instance:com.expandTesting.tests.LoginTest@3ff54f3d]" started-at="2025-01-10T15:21:40 IST" name="loginTestWithInValidCred" finished-at="2025-01-10T15:21:50 IST" duration-ms="10246" status="PASS">
          <reporter-output>
          </reporter-output>
        </test-method> <!-- loginTestWithInValidCred -->
        <test-method signature="loginTestWithValidCred()[pri:0, instance:com.expandTesting.tests.LoginTest@3ff54f3d]" started-at="2025-01-10T15:21:51 IST" name="loginTestWithValidCred" finished-at="2025-01-10T15:21:59 IST" duration-ms="7408" status="PASS">
          <reporter-output>
          </reporter-output>
        </test-method> <!-- loginTestWithValidCred -->
      </class> <!-- com.expandTesting.tests.LoginTest -->
    </test> <!-- Test -->
  </suite> <!-- Suite -->
</testng-results>
