<?xml version="1.0" encoding="UTF-8"?>
<testng-results ignored="0" total="1" passed="1" failed="0" skipped="0">
  <reporter-output>
  </reporter-output>
  <suite started-at="2025-01-06T16:44:59 IST" name="Suite" finished-at="2025-01-06T16:45:09 IST" duration-ms="9640">
    <groups>
    </groups>
    <test started-at="2025-01-06T16:44:59 IST" name="Test" finished-at="2025-01-06T16:45:09 IST" duration-ms="9640">
      <class name="com.expandTesting.tests.WebInputsTest">
        <test-method is-config="true" signature="beforeTest()[pri:0, instance:com.expandTesting.tests.WebInputsTest@a514af7]" started-at="2025-01-06T16:44:59 IST" name="beforeTest" finished-at="2025-01-06T16:45:05 IST" duration-ms="6171" status="PASS">
          <reporter-output>
          </reporter-output>
        </test-method> <!-- beforeTest -->
        <test-method signature="verifyWebInputsBtn()[pri:0, instance:com.expandTesting.tests.WebInputsTest@a514af7]" started-at="2025-01-06T16:45:05 IST" name="verifyWebInputsBtn" finished-at="2025-01-06T16:45:09 IST" duration-ms="3181" status="PASS">
          <reporter-output>
          </reporter-output>
        </test-method> <!-- verifyWebInputsBtn -->
        <test-method is-config="true" signature="closeBrowser()[pri:0, instance:com.expandTesting.tests.WebInputsTest@a514af7]" started-at="2025-01-06T16:45:09 IST" name="closeBrowser" finished-at="2025-01-06T16:45:09 IST" duration-ms="232" status="PASS">
          <reporter-output>
          </reporter-output>
        </test-method> <!-- closeBrowser -->
      </class> <!-- com.expandTesting.tests.WebInputsTest -->
    </test> <!-- Test -->
  </suite> <!-- Suite -->
</testng-results>
