<?xml version="1.0" encoding="UTF-8"?>
<testng-results ignored="0" total="2" passed="2" failed="0" skipped="0">
  <reporter-output>
  </reporter-output>
  <suite started-at="2025-01-10T15:01:36 IST" name="Default suite" finished-at="2025-01-10T15:01:54 IST" duration-ms="17968">
    <groups>
    </groups>
    <test started-at="2025-01-10T15:01:36 IST" name="Default test" finished-at="2025-01-10T15:01:54 IST" duration-ms="17968">
      <class name="com.expandTesting.tests.LoginTest">
        <test-method signature="loginTestWithInValidCred()[pri:0, instance:com.expandTesting.tests.LoginTest@72976b4]" started-at="2025-01-10T15:01:37 IST" name="loginTestWithInValidCred" finished-at="2025-01-10T15:01:47 IST" duration-ms="9971" status="PASS">
          <reporter-output>
          </reporter-output>
        </test-method> <!-- loginTestWithInValidCred -->
        <test-method signature="loginTestWithValidCred()[pri:0, instance:com.expandTesting.tests.LoginTest@72976b4]" started-at="2025-01-10T15:01:47 IST" name="loginTestWithValidCred" finished-at="2025-01-10T15:01:54 IST" duration-ms="7170" status="PASS">
          <reporter-output>
          </reporter-output>
        </test-method> <!-- loginTestWithValidCred -->
      </class> <!-- com.expandTesting.tests.LoginTest -->
    </test> <!-- Default test -->
  </suite> <!-- Default suite -->
</testng-results>
